<?xml version="1.0" encoding="UTF-8"?>
<!-- Generated by org.testng.reporters.JUnitReportReporter -->
<testsuite hostname="CSCO-W-PF2S3JR9" failures="0" tests="5" name="com.runner.TestRunner" time="2.884" errors="0" timestamp="2021-12-25T18:48:19 IST" skipped="0">
  <testcase classname="com.runner.TestRunner" name="runScenario" time="0.120"/>
  <system-out/>
  <testcase classname="com.runner.TestRunner" name="runScenario" time="2.018"/>
  <system-out/>
  <testcase classname="com.runner.TestRunner" name="runScenario" time="0.196"/>
  <system-out/>
  <testcase classname="com.runner.TestRunner" name="runScenario" time="0.401"/>
  <system-out/>
  <testcase classname="com.runner.TestRunner" name="runScenario" time="0.149"/>
  <system-out/>
</testsuite> <!-- com.runner.TestRunner -->
