<?xml version="1.0" encoding="UTF-8"?>
<!-- Generated by org.testng.reporters.JUnitReportReporter -->
<testsuite hostname="CSCO-W-PF2S3JR9" failures="0" tests="5" name="com.runner.TestRunner" time="3.966" errors="0" timestamp="2021-12-25T19:10:40 IST" skipped="0">
  <testcase classname="com.runner.TestRunner" name="runScenario" time="0.133"/>
  <system-out/>
  <testcase classname="com.runner.TestRunner" name="runScenario" time="0.239"/>
  <system-out/>
  <testcase classname="com.runner.TestRunner" name="runScenario" time="0.127"/>
  <system-out/>
  <testcase classname="com.runner.TestRunner" name="runScenario" time="3.055"/>
  <system-out/>
  <testcase classname="com.runner.TestRunner" name="runScenario" time="0.412"/>
  <system-out/>
</testsuite> <!-- com.runner.TestRunner -->
